<?xml version="1.0" encoding="UTF-8"?>
<!-- Generated by org.testng.reporters.JUnitReportReporter -->
<testsuite hostname="DESKTOP-EBG4U9O" failures="0" tests="1" name="TestNGExcetion.KFC" time="4.526" errors="0" timestamp="2024-05-15T11:51:51 IST" skipped="0">
  <testcase classname="TestNGExcetion.KFC" name="kfclaunch" time="4.526"/>
  <system-out>
    <![CDATA[KFC page]]>
  </system-out>
</testsuite> <!-- TestNGExcetion.KFC -->
