<?xml version="1.0" encoding="UTF-8"?>
<!-- Generated by org.testng.reporters.JUnitReportReporter -->
<testsuite hostname="DESKTOP-EBG4U9O" failures="0" tests="1" name="TestNG.ChronlogiesOrder" time="0.012" errors="0" timestamp="2024-05-16T11:36:38 IST" skipped="0">
  <testcase classname="TestNG.ChronlogiesOrder" name="MainMethod" time="0.012"/>
  <system-out>
    <![CDATA[main method]]>
  </system-out>
</testsuite> <!-- TestNG.ChronlogiesOrder -->
