<?xml version="1.0" encoding="UTF-8"?>
<!-- Generated by org.testng.reporters.JUnitReportReporter -->
<testsuite hostname="DESKTOP-EBG4U9O" failures="0" tests="1" name="TestNGExcetion.Swiggy" time="2.399" errors="0" timestamp="2024-05-15T11:58:39 IST" skipped="0">
  <testcase classname="TestNGExcetion.Swiggy" name="Swiggylaunch" time="2.399"/>
  <system-out>
    <![CDATA[Swiggy page]]>
  </system-out>
</testsuite> <!-- TestNGExcetion.Swiggy -->
