<?xml version="1.0" encoding="UTF-8"?>
<!-- Generated by org.testng.reporters.JUnitReportReporter -->
<testsuite hostname="DESKTOP-EBG4U9O" failures="0" tests="5" name="TestNG.DataProviderClass" time="19.237" errors="0" timestamp="2024-05-16T15:33:47 IST" skipped="0">
  <testcase classname="TestNG.DataProviderClass" name="ToLogin" time="4.484"/>
  <system-out/>
  <testcase classname="TestNG.DataProviderClass" name="ToLogin" time="3.076"/>
  <system-out/>
  <testcase classname="TestNG.DataProviderClass" name="ToLogin" time="4.644"/>
  <system-out/>
  <testcase classname="TestNG.DataProviderClass" name="ToLogin" time="3.677"/>
  <system-out/>
  <testcase classname="TestNG.DataProviderClass" name="ToLogin" time="3.356"/>
  <system-out/>
</testsuite> <!-- TestNG.DataProviderClass -->
