<?xml version="1.0" encoding="UTF-8"?>
<!-- Generated by org.testng.reporters.JUnitReportReporter -->
<testsuite hostname="DESKTOP-EBG4U9O" failures="0" tests="4" name="TestNG.BasicsOfTestNG" time="9.543" errors="0" timestamp="2024-05-14T12:02:24 IST" skipped="1">
  <testcase classname="TestNG.BasicsOfTestNG" name="Amazon" time="2.552"/>
  <system-out>
    <![CDATA[Amazon]]>
  </system-out>
  <testcase classname="TestNG.BasicsOfTestNG" name="Myntra" time="3.495"/>
  <system-out>
    <![CDATA[Myntra]]>
  </system-out>
  <testcase classname="TestNG.BasicsOfTestNG" name="Flipkart" time="3.496"/>
  <system-out>
    <![CDATA[Flipkart]]>
  </system-out>
  <testcase classname="TestNG.BasicsOfTestNG" name="W3school">
    <skipped/>
  </testcase> <!-- W3school -->
  <system-out/>
</testsuite> <!-- TestNG.BasicsOfTestNG -->
