<?xml version="1.0" encoding="UTF-8"?>
<!-- Generated by org.testng.reporters.JUnitReportReporter -->
<testsuite hostname="DESKTOP-EBG4U9O" failures="0" tests="1" name="TestNGExcetion.zomato" time="3.634" errors="0" timestamp="2024-05-15T11:58:39 IST" skipped="0">
  <testcase classname="TestNGExcetion.zomato" name="zomatolaunch" time="3.634"/>
  <system-out>
    <![CDATA[zomato page]]>
  </system-out>
</testsuite> <!-- TestNGExcetion.zomato -->
