<?xml version="1.0" encoding="UTF-8"?>
<!-- Generated by org.testng.reporters.JUnitReportReporter -->
<testsuite hostname="DESKTOP-EBG4U9O" failures="0" tests="1" name="TestNGExcetion.foodPanda" time="7.368" errors="0" timestamp="2024-05-15T11:51:51 IST" skipped="0">
  <testcase classname="TestNGExcetion.foodPanda" name="FoodPandalaunch" time="7.368"/>
  <system-out>
    <![CDATA[FoodPanda page]]>
  </system-out>
</testsuite> <!-- TestNGExcetion.foodPanda -->
